<?xml version="1.0" encoding="UTF-8"?>
<testng-results ignored="0" total="2" passed="2" failed="0" skipped="0">
  <reporter-output>
  </reporter-output>
  <suite started-at="2022-03-25T23:17:05 IST" name="Suite" finished-at="2022-03-25T23:18:02 IST" duration-ms="56692">
    <groups>
      <group name="cucumber">
        <method signature="AbstractTestNGCucumberTests.runScenario(io.cucumber.testng.PickleWrapper,io.cucumber.testng.FeatureWrapper)[pri:0, instance:cucmberOptions.TestRunner@293a5bf6]" name="runScenario" class="io.cucumber.testng.AbstractTestNGCucumberTests"/>
      </group> <!-- cucumber -->
    </groups>
    <test started-at="2022-03-25T23:17:05 IST" name="Test" finished-at="2022-03-25T23:18:02 IST" duration-ms="56692">
      <class name="cucmberOptions.TestRunner">
        <test-method is-config="true" signature="setUpClass(org.testng.ITestContext)[pri:0, instance:cucmberOptions.TestRunner@293a5bf6]" started-at="2022-03-25T23:17:05 IST" name="setUpClass" finished-at="2022-03-25T23:17:06 IST" duration-ms="252" status="PASS">
          <params>
            <param index="0">
              <value>
                <![CDATA[org.testng.TestRunner@73fb1d7f]]>
              </value>
            </param>
          </params>
          <reporter-output>
          </reporter-output>
        </test-method> <!-- setUpClass -->
        <test-method signature="runScenario(io.cucumber.testng.PickleWrapper,io.cucumber.testng.FeatureWrapper)[pri:0, instance:cucmberOptions.TestRunner@293a5bf6]" started-at="2022-03-25T23:17:06 IST" name="runScenario" description="Runs Cucumber Scenarios" data-provider="scenarios" finished-at="2022-03-25T23:17:30 IST" duration-ms="24652" status="PASS">
          <params>
            <param index="0">
              <value>
                <![CDATA["User Student Login"]]>
              </value>
            </param>
            <param index="1">
              <value>
                <![CDATA["Optional[Rahul Shetty Academy]"]]>
              </value>
            </param>
          </params>
          <reporter-output>
          </reporter-output>
        </test-method> <!-- runScenario -->
        <test-method signature="runScenario(io.cucumber.testng.PickleWrapper,io.cucumber.testng.FeatureWrapper)[pri:0, instance:cucmberOptions.TestRunner@293a5bf6]" started-at="2022-03-25T23:17:30 IST" name="runScenario" description="Runs Cucumber Scenarios" data-provider="scenarios" finished-at="2022-03-25T23:18:02 IST" duration-ms="31609" status="PASS">
          <params>
            <param index="0">
              <value>
                <![CDATA["User Student Login"]]>
              </value>
            </param>
            <param index="1">
              <value>
                <![CDATA["Optional[Rahul Shetty Academy]"]]>
              </value>
            </param>
          </params>
          <reporter-output>
          </reporter-output>
        </test-method> <!-- runScenario -->
        <test-method is-config="true" signature="tearDownClass()[pri:0, instance:cucmberOptions.TestRunner@293a5bf6]" started-at="2022-03-25T23:18:02 IST" name="tearDownClass" finished-at="2022-03-25T23:18:02 IST" duration-ms="43" status="PASS">
          <reporter-output>
          </reporter-output>
        </test-method> <!-- tearDownClass -->
      </class> <!-- cucmberOptions.TestRunner -->
    </test> <!-- Test -->
  </suite> <!-- Suite -->
</testng-results>
